FAIL ./ABCBlocks.test.js
  ABC Blocks
    ✓ should return a boolean (3 ms)
    ✓ should return true for "A" (1 ms)
    ✕ should be case insensitive (2 ms)

  ● ABC Blocks › should be case insensitive

    expect(received).toBeTruthy()

    Received: false

      13 |   
      14 |   it('should be case insensitive', () => {
    > 15 |     expect(can_make_word('a')).toBeTruthy();
         |                                ^
      16 |   });
      17 |   
      18 | });

      at Object.<anonymous> (ABCBlocks.test.js:15:32)

Test Suites: 1 failed, 1 total
Tests:       1 failed, 2 passed, 3 total
Snapshots:   0 total
Time:        1.592 s
Ran all test suites.
npm ERR! code ELIFECYCLE
npm ERR! errno 1
npm ERR! @ test: `jest --coverage`
npm ERR! Exit status 1
npm ERR! 
npm ERR! Failed at the @ test script.
npm ERR! This is probably not a problem with npm. There is likely additional logging output above.

npm ERR! A complete log of this run can be found in:
npm ERR!     /home/sandbox/.npm/_logs/2023-02-07T12_51_04_593Z-debug.log
